<?xml version="1.0" encoding="UTF-8"?>
<!-- Generated by org.testng.reporters.JUnitXMLReporter -->
<testsuite ignored="1" hostname="HarshMashal21" failures="1" tests="3" name="Car_Loan" time="0.02" errors="0" timestamp="2024-11-10T16:52:31 IST">
  <testcase classname="selenium_by_Y.TestNG_3" name="carloandone" time="0.002"/>
  <testcase classname="selenium_by_Y.TestNG_3" name="loans" time="0.0">
    <failure type="org.testng.TestNGException" message="
Parameter &amp;apos;username&amp;apos; is required by @Test on method loans but has not been marked @Optional or defined
in D:\Test_j\Harsh_TJ\first\testng.xml">
      <![CDATA[org.testng.TestNGException: 
Parameter 'username' is required by @Test on method loans but has not been marked @Optional or defined
in D:\Test_j\Harsh_TJ\first\testng.xml
at java.base/java.util.ArrayList.forEach(ArrayList.java:1596)
... Removed 26 stack frames]]>
    </failure>
  </testcase> <!-- loans -->
  <testcase classname="selenium_by_Y.TestNG_3" name="loginCarLoan" time="0.002"/>
  <testcase classname="selenium_by_Y.TestNG_3" name="Carloan_otp" time="0.0">
    <ignored/>
  </testcase> <!-- Carloan_otp -->
</testsuite> <!-- Car_Loan -->
